Using pre-set license
Built from '2021.3/staging' branch; Version is '2021.3.8f1 (b30333d56e81) revision 11731763'; Using compiler version '192829333'; Build Type 'Release'
OS: 'Windows 10  (10.0.19044) 64bit Professional' Language: 'en' Physical Memory: 16310 MB
BatchMode: 1, IsHumanControllingUs: 0, StartBugReporterOnCrash: 0, Is64bit: 1, IsPro: 1

COMMAND LINE ARGUMENTS:
C:\Program Files\Unity\Hub\Editor\2021.3.8f1\Editor\Unity.exe
-adb2
-batchMode
-noUpm
-name
AssetImportWorker4
-projectPath
D:/Users/Cameron Cavossa/Desktop/Group G7/ZynthWave_G7/Zynthwave URP
-logFile
Logs/AssetImportWorker4.log
-srvPort
61143
Successfully changed project path to: D:/Users/Cameron Cavossa/Desktop/Group G7/ZynthWave_G7/Zynthwave URP
D:/Users/Cameron Cavossa/Desktop/Group G7/ZynthWave_G7/Zynthwave URP
[UnityMemory] Configuration Parameters - Can be set up in boot.config
    "memorysetup-bucket-allocator-granularity=16"
    "memorysetup-bucket-allocator-bucket-count=8"
    "memorysetup-bucket-allocator-block-size=33554432"
    "memorysetup-bucket-allocator-block-count=8"
    "memorysetup-main-allocator-block-size=16777216"
    "memorysetup-thread-allocator-block-size=16777216"
    "memorysetup-gfx-main-allocator-block-size=16777216"
    "memorysetup-gfx-thread-allocator-block-size=16777216"
    "memorysetup-cache-allocator-block-size=4194304"
    "memorysetup-typetree-allocator-block-size=2097152"
    "memorysetup-profiler-bucket-allocator-granularity=16"
    "memorysetup-profiler-bucket-allocator-bucket-count=8"
    "memorysetup-profiler-bucket-allocator-block-size=33554432"
    "memorysetup-profiler-bucket-allocator-block-count=8"
    "memorysetup-profiler-allocator-block-size=16777216"
    "memorysetup-profiler-editor-allocator-block-size=1048576"
    "memorysetup-temp-allocator-size-main=16777216"
    "memorysetup-job-temp-allocator-block-size=2097152"
    "memorysetup-job-temp-allocator-block-size-background=1048576"
    "memorysetup-job-temp-allocator-reduction-small-platforms=262144"
    "memorysetup-temp-allocator-size-background-worker=32768"
    "memorysetup-temp-allocator-size-job-worker=262144"
    "memorysetup-temp-allocator-size-preload-manager=33554432"
    "memorysetup-temp-allocator-size-nav-mesh-worker=65536"
    "memorysetup-temp-allocator-size-audio-worker=65536"
    "memorysetup-temp-allocator-size-cloud-worker=32768"
    "memorysetup-temp-allocator-size-gi-baking-worker=262144"
    "memorysetup-temp-allocator-size-gfx=262144"
Refreshing native plugins compatible for Editor in 90.88 ms, found 3 plugins.
Preloading 0 native plugins for Editor in 0.00 ms.
Initialize engine version: 2021.3.8f1 (b30333d56e81)
[Subsystems] Discovering subsystems at path C:/Program Files/Unity/Hub/Editor/2021.3.8f1/Editor/Data/Resources/UnitySubsystems
[Subsystems] Discovering subsystems at path D:/Users/Cameron Cavossa/Desktop/Group G7/ZynthWave_G7/Zynthwave URP/Assets
GfxDevice: creating device client; threaded=0; jobified=0
Direct3D:
    Version:  Direct3D 11.0 [level 11.1]
    Renderer: NVIDIA GeForce RTX 3060 Ti (ID=0x2489)
    Vendor:   NVIDIA
    VRAM:     8050 MB
    Driver:   31.0.15.1694
Initialize mono
Mono path[0] = 'C:/Program Files/Unity/Hub/Editor/2021.3.8f1/Editor/Data/Managed'
Mono path[1] = 'C:/Program Files/Unity/Hub/Editor/2021.3.8f1/Editor/Data/MonoBleedingEdge/lib/mono/unityjit-win32'
Mono config path = 'C:/Program Files/Unity/Hub/Editor/2021.3.8f1/Editor/Data/MonoBleedingEdge/etc'
Using monoOptions --debugger-agent=transport=dt_socket,embedding=1,server=y,suspend=n,address=127.0.0.1:56436
Begin MonoManager ReloadAssembly
Registering precompiled unity dll's ...
Register platform support module: C:/Program Files/Unity/Hub/Editor/2021.3.8f1/Editor/Data/PlaybackEngines/WindowsStandaloneSupport/UnityEditor.WindowsStandalone.Extensions.dll
Registered in 0.004834 seconds.
Native extension for WindowsStandalone target not found
Refreshing native plugins compatible for Editor in 87.93 ms, found 3 plugins.
Preloading 0 native plugins for Editor in 0.00 ms.
Mono: successfully reloaded assembly
- Completed reload, in  0.474 seconds
Domain Reload Profiling:
	ReloadAssembly (474ms)
		BeginReloadAssembly (51ms)
			ExecutionOrderSort (0ms)
			DisableScriptedObjects (0ms)
			BackupInstance (0ms)
			ReleaseScriptingObjects (0ms)
			CreateAndSetChildDomain (0ms)
		EndReloadAssembly (346ms)
			LoadAssemblies (49ms)
			RebuildTransferFunctionScriptingTraits (0ms)
			SetupTypeCache (68ms)
			ReleaseScriptCaches (0ms)
			RebuildScriptCaches (18ms)
			SetupLoadedEditorAssemblies (225ms)
				LogAssemblyErrors (0ms)
				InitializePlatformSupportModulesInManaged (6ms)
				SetLoadedEditorAssemblies (0ms)
				RefreshPlugins (88ms)
				BeforeProcessingInitializeOnLoad (1ms)
				ProcessInitializeOnLoadAttributes (101ms)
				ProcessInitializeOnLoadMethodAttributes (30ms)
				AfterProcessingInitializeOnLoad (0ms)
				EditorAssembliesLoaded (0ms)
			ExecutionOrderSort2 (0ms)
			AwakeInstancesAfterBackupRestoration (0ms)
Platform modules already initialized, skipping
Registering precompiled user dll's ...
Registered in 0.003945 seconds.
Begin MonoManager ReloadAssembly
Symbol file LoadedFromMemory doesn't match image D:\Users\Cameron Cavossa\Desktop\Group G7\ZynthWave_G7\Zynthwave URP\Library\PackageCache\com.unity.visualscripting@1.7.8\Editor\VisualScripting.Core\Dependencies\YamlDotNet\Unity.VisualScripting.YamlDotNet.dll
Symbol file LoadedFromMemory doesn't match image D:\Users\Cameron Cavossa\Desktop\Group G7\ZynthWave_G7\Zynthwave URP\Library\PackageCache\com.unity.visualscripting@1.7.8\Editor\VisualScripting.Core\Dependencies\DotNetZip\Unity.VisualScripting.IonicZip.dll
Native extension for WindowsStandalone target not found
Refreshing native plugins compatible for Editor in 98.31 ms, found 3 plugins.
Preloading 0 native plugins for Editor in 0.00 ms.
Mono: successfully reloaded assembly
- Completed reload, in  1.871 seconds
Domain Reload Profiling:
	ReloadAssembly (1871ms)
		BeginReloadAssembly (113ms)
			ExecutionOrderSort (0ms)
			DisableScriptedObjects (5ms)
			BackupInstance (0ms)
			ReleaseScriptingObjects (0ms)
			CreateAndSetChildDomain (18ms)
		EndReloadAssembly (1642ms)
			LoadAssemblies (766ms)
			RebuildTransferFunctionScriptingTraits (0ms)
			SetupTypeCache (215ms)
			ReleaseScriptCaches (1ms)
			RebuildScriptCaches (54ms)
			SetupLoadedEditorAssemblies (603ms)
				LogAssemblyErrors (0ms)
				InitializePlatformSupportModulesInManaged (4ms)
				SetLoadedEditorAssemblies (0ms)
				RefreshPlugins (98ms)
				BeforeProcessingInitializeOnLoad (93ms)
				ProcessInitializeOnLoadAttributes (334ms)
				ProcessInitializeOnLoadMethodAttributes (66ms)
				AfterProcessingInitializeOnLoad (6ms)
				EditorAssembliesLoaded (0ms)
			ExecutionOrderSort2 (0ms)
			AwakeInstancesAfterBackupRestoration (4ms)
Platform modules already initialized, skipping
========================================================================
Worker process is ready to serve import requests
Launched and connected shader compiler UnityShaderCompiler.exe after 0.06 seconds
Refreshing native plugins compatible for Editor in 2.00 ms, found 3 plugins.
Preloading 0 native plugins for Editor in 0.00 ms.
Unloading 5993 Unused Serialized files (Serialized files now loaded: 0)
Unloading 56 unused Assets / (0.9 MB). Loaded Objects now: 6448.
Memory consumption went from 237.9 MB to 237.0 MB.
Total: 5.380400 ms (FindLiveObjects: 0.595300 ms CreateObjectMapping: 0.744200 ms MarkObjects: 3.601200 ms  DeleteObjects: 0.438800 ms)

AssetImportParameters requested are different than current active one (requested -> active):
  custom:video-decoder-ogg-theora: a1e56fd34408186e4bbccfd4996cb3dc -> 
  custom:container-muxer-webm: aa71ff27fc2769a1b78a27578f13a17b -> 
  custom:container-demuxer-webm: 4f35f7cbe854078d1ac9338744f61a02 -> 
  custom:video-encoder-webm-vp8: eb34c28f22e8b96e1ab97ce403110664 -> 
  custom:audio-encoder-webm-vorbis: bf7c407c2cedff20999df2af8eb42d56 -> 
  custom:framework-win-MediaFoundation: 216162199b28c13a410421893ffa2e32 -> 
  custom:container-demuxer-ogg: 62fdf1f143b41e24485cea50d1cbac27 -> 
  custom:video-decoder-webm-vp8: 9c59270c3fd7afecdb556c50c9e8de78 -> 
  custom:audio-decoder-ogg-vorbis: bf7c407c2cedff20999df2af8eb42d56 -> 
========================================================================
Received Import Request.
  Time since last request: 35567.899283 seconds.
  path: Assets/Art
  artifactKey: Guid(581c89e7c4847427e8f7294c15443018) Importer(815301076,1909f56bfc062723c751e8b465ee728b)
Start importing Assets/Art using Guid(581c89e7c4847427e8f7294c15443018) Importer(815301076,1909f56bfc062723c751e8b465ee728b)  -> (artifact id: 'f90cce35b5ca2ff19c786064863fe78c') in 0.014701 seconds 
========================================================================
Received Import Request.
  Time since last request: 22.540951 seconds.
  path: Assets/Art/Models
  artifactKey: Guid(bc36a503530b91842a6a14ff527ae297) Importer(815301076,1909f56bfc062723c751e8b465ee728b)
Start importing Assets/Art/Models using Guid(bc36a503530b91842a6a14ff527ae297) Importer(815301076,1909f56bfc062723c751e8b465ee728b)  -> (artifact id: '87c48666073e1c81719f5d0cf6500684') in 0.005492 seconds 
========================================================================
Received Import Request.
  Time since last request: 0.042209 seconds.
  path: Assets/Art/Models/MainCharacter_Model.fbx
  artifactKey: Guid(06be7065d5b4d6645b35df320cc2532a) Importer(815301076,1909f56bfc062723c751e8b465ee728b)
Start importing Assets/Art/Models/MainCharacter_Model.fbx using Guid(06be7065d5b4d6645b35df320cc2532a) Importer(815301076,1909f56bfc062723c751e8b465ee728b)  -> (artifact id: '4a0f28dc3ac63f1a6c0124fbf32757ef') in 0.397746 seconds 
========================================================================
Received Import Request.
  Time since last request: 5.761503 seconds.
  path: Assets/Art/red.mat
  artifactKey: Guid(f96d4698dddf57d47a0648fd5da67e3d) Importer(815301076,1909f56bfc062723c751e8b465ee728b)
Start importing Assets/Art/red.mat using Guid(f96d4698dddf57d47a0648fd5da67e3d) Importer(815301076,1909f56bfc062723c751e8b465ee728b)  -> (artifact id: '7caa6e760254c20cd791f7a70ebee049') in 0.015908 seconds 
========================================================================
Received Import Request.
  Time since last request: 10.545933 seconds.
  path: Assets/Art/red 1.mat
  artifactKey: Guid(a3a5d0f9a5e0fb14db88d5ad85d4cb0f) Importer(815301076,1909f56bfc062723c751e8b465ee728b)
Start importing Assets/Art/red 1.mat using Guid(a3a5d0f9a5e0fb14db88d5ad85d4cb0f) Importer(815301076,1909f56bfc062723c751e8b465ee728b)  -> (artifact id: '5fcdaa6ccd1b335e3212cb5b5843bbdd') in 0.034928 seconds 
========================================================================
Received Import Request.
  Time since last request: 26.547104 seconds.
  path: Assets/Art/green.mat
  artifactKey: Guid(f96d4698dddf57d47a0648fd5da67e3d) Importer(815301076,1909f56bfc062723c751e8b465ee728b)
Start importing Assets/Art/green.mat using Guid(f96d4698dddf57d47a0648fd5da67e3d) Importer(815301076,1909f56bfc062723c751e8b465ee728b)  -> (artifact id: 'da74b4ee0ae30e05e8f73cf1905b222e') in 0.017501 seconds 
========================================================================
Received Import Request.
  Time since last request: 563.063314 seconds.
  path: Assets/Art/Animations
  artifactKey: Guid(39e0a7a1ba6e2c14d89bd97c2daec2c1) Importer(815301076,1909f56bfc062723c751e8b465ee728b)
Start importing Assets/Art/Animations using Guid(39e0a7a1ba6e2c14d89bd97c2daec2c1) Importer(815301076,1909f56bfc062723c751e8b465ee728b)  -> (artifact id: '8668763a5c6d0f02c3f94552762ba3ca') in 0.005597 seconds 
========================================================================
Received Import Request.
  Time since last request: 0.754600 seconds.
  path: Assets/Art/UI
  artifactKey: Guid(29a2581208d3d3543b4008aad14a7d3b) Importer(815301076,1909f56bfc062723c751e8b465ee728b)
Start importing Assets/Art/UI using Guid(29a2581208d3d3543b4008aad14a7d3b) Importer(815301076,1909f56bfc062723c751e8b465ee728b)  -> (artifact id: '8b1cf181e6611c7f0836f187923d7d5e') in 0.005021 seconds 
========================================================================
Received Import Request.
  Time since last request: 3.339810 seconds.
  path: Assets/Prefabs/Level.prefab
  artifactKey: Guid(752d90dd65aaceb46b943e1d01e39651) Importer(815301076,1909f56bfc062723c751e8b465ee728b)
Start importing Assets/Prefabs/Level.prefab using Guid(752d90dd65aaceb46b943e1d01e39651) Importer(815301076,1909f56bfc062723c751e8b465ee728b)  -> (artifact id: '4824c9ae0112ba96a39feb93a0e593ea') in 1.618053 seconds 
========================================================================
Received Import Request.
  Time since last request: 263.357493 seconds.
  path: Assets/Plugins/LeanTween/Examples/Material/TrailFollowMaterial.mat
  artifactKey: Guid(ff16fb4a90fe84bec9c8f29698aa0eed) Importer(815301076,1909f56bfc062723c751e8b465ee728b)
Start importing Assets/Plugins/LeanTween/Examples/Material/TrailFollowMaterial.mat using Guid(ff16fb4a90fe84bec9c8f29698aa0eed) Importer(815301076,1909f56bfc062723c751e8b465ee728b)  -> (artifact id: '6cb0a673cd58ca8b24b597981af75519') in 0.131185 seconds 
========================================================================
Received Import Request.
  Time since last request: 0.000026 seconds.
  path: Assets/Art/Models/Art/Walls/Materials/WallLarge_Texture.mat
  artifactKey: Guid(6920ec98e8183b940a3b770d96bbc196) Importer(815301076,1909f56bfc062723c751e8b465ee728b)
Start importing Assets/Art/Models/Art/Walls/Materials/WallLarge_Texture.mat using Guid(6920ec98e8183b940a3b770d96bbc196) Importer(815301076,1909f56bfc062723c751e8b465ee728b)  -> (artifact id: '2b1cee7d106ec6eae314f843f0800774') in 0.015561 seconds 
========================================================================
Received Import Request.
  Time since last request: 7.633217 seconds.
  path: Assets/Art/Models/Art/FloorTextures/Materials/tile.mat
  artifactKey: Guid(8ae55a465e178d04088f905097e4d689) Importer(815301076,1909f56bfc062723c751e8b465ee728b)
Start importing Assets/Art/Models/Art/FloorTextures/Materials/tile.mat using Guid(8ae55a465e178d04088f905097e4d689) Importer(815301076,1909f56bfc062723c751e8b465ee728b)  -> (artifact id: '8bca99ffc492b9c1d93da46daac062d6') in 0.015256 seconds 
========================================================================
Received Import Request.
  Time since last request: 0.000017 seconds.
  path: Assets/Plugins/LeanTween/Examples/Material/TrackLines.mat
  artifactKey: Guid(54538213a935248b8ac1ce7b42140cad) Importer(815301076,1909f56bfc062723c751e8b465ee728b)
Start importing Assets/Plugins/LeanTween/Examples/Material/TrackLines.mat using Guid(54538213a935248b8ac1ce7b42140cad) Importer(815301076,1909f56bfc062723c751e8b465ee728b)  -> (artifact id: '27518e475d3104186391c298d9ccf018') in 0.035512 seconds 
========================================================================
Received Import Request.
  Time since last request: 0.000017 seconds.
  path: Assets/Art/Models/Art/StoreFronts/Materials/StoreFront_Texture.mat
  artifactKey: Guid(b8c6adcb1c3819a43ba41aa01c0bb8dc) Importer(815301076,1909f56bfc062723c751e8b465ee728b)
Start importing Assets/Art/Models/Art/StoreFronts/Materials/StoreFront_Texture.mat using Guid(b8c6adcb1c3819a43ba41aa01c0bb8dc) Importer(815301076,1909f56bfc062723c751e8b465ee728b)  -> (artifact id: '786503e18983c48d81558a3815d0962c') in 0.021996 seconds 
========================================================================
Received Import Request.
  Time since last request: 0.000025 seconds.
  path: Assets/Plugins/LeanTween/Examples/Material/TrackFollowMaterial.mat
  artifactKey: Guid(9efbdb862990242178d5b47a40b48e80) Importer(815301076,1909f56bfc062723c751e8b465ee728b)
Start importing Assets/Plugins/LeanTween/Examples/Material/TrackFollowMaterial.mat using Guid(9efbdb862990242178d5b47a40b48e80) Importer(815301076,1909f56bfc062723c751e8b465ee728b)  -> (artifact id: '7f6b85837c5ba9b59cf91fd40c628f94') in 0.015485 seconds 
========================================================================
Received Import Request.
  Time since last request: 0.000026 seconds.
  path: Assets/Art/Models/Art/BruteEnemy/Zombie Running.fbx
  artifactKey: Guid(ae2f1d917f6ebe94cb269deb4123cf71) Importer(815301076,1909f56bfc062723c751e8b465ee728b)
Start importing Assets/Art/Models/Art/BruteEnemy/Zombie Running.fbx using Guid(ae2f1d917f6ebe94cb269deb4123cf71) Importer(815301076,1909f56bfc062723c751e8b465ee728b)  -> (artifact id: '1940f1c4740bb89d8f78404c2c76fa15') in 0.054866 seconds 
========================================================================
Received Import Request.
  Time since last request: 0.000023 seconds.
  path: Assets/Art/Models/Art/BasicEnemy/BasicEnemy_Model.mb
  artifactKey: Guid(6d90ab523ca07bb47ab7a83140ee86c7) Importer(815301076,1909f56bfc062723c751e8b465ee728b)
Start importing Assets/Art/Models/Art/BasicEnemy/BasicEnemy_Model.mb using Guid(6d90ab523ca07bb47ab7a83140ee86c7) Importer(815301076,1909f56bfc062723c751e8b465ee728b)  -> (artifact id: '145c8ee9930460f26723a667dc093cec') in 0.051492 seconds 
========================================================================
Received Import Request.
  Time since last request: 0.000023 seconds.
  path: Assets/Art/Models/Art/Tokens/HealthUp_TokenModel.fbx
  artifactKey: Guid(83c11ade1368b40499c2bc7d10cc6dd4) Importer(815301076,1909f56bfc062723c751e8b465ee728b)
Start importing Assets/Art/Models/Art/Tokens/HealthUp_TokenModel.fbx using Guid(83c11ade1368b40499c2bc7d10cc6dd4) Importer(815301076,1909f56bfc062723c751e8b465ee728b)  -> (artifact id: '7a1e3af874728a4deb87970e68357a95') in 0.114235 seconds 
========================================================================
Received Import Request.
  Time since last request: 0.000019 seconds.
  path: Assets/Art/Models/Art/StoreFronts/StoreFront_Model.fbx
  artifactKey: Guid(081910c65de79d747bb635173880e855) Importer(815301076,1909f56bfc062723c751e8b465ee728b)
Start importing Assets/Art/Models/Art/StoreFronts/StoreFront_Model.fbx using Guid(081910c65de79d747bb635173880e855) Importer(815301076,1909f56bfc062723c751e8b465ee728b)  -> (artifact id: '0e2dd9a126f387018fefb6b1b60150c8') in 0.022186 seconds 
========================================================================
Received Import Request.
  Time since last request: 0.000027 seconds.
  path: Assets/Art/Models/Art/StoreFronts/StoreFront_LeftSlant_Model.fbx
  artifactKey: Guid(f1770f9343d4f1c4f98c7c5729786088) Importer(815301076,1909f56bfc062723c751e8b465ee728b)
Start importing Assets/Art/Models/Art/StoreFronts/StoreFront_LeftSlant_Model.fbx using Guid(f1770f9343d4f1c4f98c7c5729786088) Importer(815301076,1909f56bfc062723c751e8b465ee728b)  -> (artifact id: '96bf3ea956faa8afb3d4381a73e8feec') in 0.025981 seconds 
========================================================================
Received Import Request.
  Time since last request: 0.000026 seconds.
  path: Assets/Art/Models/Art/Tokens/ExtraAbility_TokenModel.fbx
  artifactKey: Guid(38bd3cdde21a36f4c85ff8514b230da9) Importer(815301076,1909f56bfc062723c751e8b465ee728b)
Start importing Assets/Art/Models/Art/Tokens/ExtraAbility_TokenModel.fbx using Guid(38bd3cdde21a36f4c85ff8514b230da9) Importer(815301076,1909f56bfc062723c751e8b465ee728b)  -> (artifact id: '243d27f37b7ff099b402ed4ce07b5758') in 0.078503 seconds 
========================================================================
Received Import Request.
  Time since last request: 0.000023 seconds.
  path: Assets/Art/Models/Art/MainCharacter/MainCharacter_Model.mb
  artifactKey: Guid(4f795b2136865b04985c5c975e2cfcff) Importer(815301076,1909f56bfc062723c751e8b465ee728b)
Start importing Assets/Art/Models/Art/MainCharacter/MainCharacter_Model.mb using Guid(4f795b2136865b04985c5c975e2cfcff) Importer(815301076,1909f56bfc062723c751e8b465ee728b)  -> (artifact id: '5750e17b0533c95842f95a7de18e159b') in 0.073278 seconds 
========================================================================
Received Import Request.
  Time since last request: 0.000039 seconds.
  path: Assets/Plugins/LeanTween/Examples/Material/SpaceLineGlowMaterial.mat
  artifactKey: Guid(4d170a8aa584240f4b18ce6a5e58ef2e) Importer(815301076,1909f56bfc062723c751e8b465ee728b)
Start importing Assets/Plugins/LeanTween/Examples/Material/SpaceLineGlowMaterial.mat using Guid(4d170a8aa584240f4b18ce6a5e58ef2e) Importer(815301076,1909f56bfc062723c751e8b465ee728b)  -> (artifact id: 'e9a2c5d1c1dca4b089100069a5397234') in 0.042702 seconds 
========================================================================
Received Import Request.
  Time since last request: 0.000029 seconds.
  path: Assets/Art/Models/Art/Tokens/DoubleFIre_TokenModel.fbx
  artifactKey: Guid(45241898d2ed2d04b87362ce0a0e5930) Importer(815301076,1909f56bfc062723c751e8b465ee728b)
Start importing Assets/Art/Models/Art/Tokens/DoubleFIre_TokenModel.fbx using Guid(45241898d2ed2d04b87362ce0a0e5930) Importer(815301076,1909f56bfc062723c751e8b465ee728b)  -> (artifact id: 'f4a38d6502ec15875468f25647a874cf') in 0.037026 seconds 
========================================================================
Received Import Request.
  Time since last request: 0.000025 seconds.
  path: Assets/Art/Models/Art/Walls/WallLarge_Model.fbx
  artifactKey: Guid(8fced6abc7792824a82ce43f9a07409f) Importer(815301076,1909f56bfc062723c751e8b465ee728b)
Start importing Assets/Art/Models/Art/Walls/WallLarge_Model.fbx using Guid(8fced6abc7792824a82ce43f9a07409f) Importer(815301076,1909f56bfc062723c751e8b465ee728b)  -> (artifact id: '3ef6f1a0b006f9e50d9a5d2dd18777d3') in 0.019780 seconds 
========================================================================
Received Import Request.
  Time since last request: 0.000021 seconds.
  path: Assets/Art/Models/Art/MainCharacter/Pistol Idle.fbx
  artifactKey: Guid(e79aeebeadb480a49aa695997445177e) Importer(815301076,1909f56bfc062723c751e8b465ee728b)
Start importing Assets/Art/Models/Art/MainCharacter/Pistol Idle.fbx using Guid(e79aeebeadb480a49aa695997445177e) Importer(815301076,1909f56bfc062723c751e8b465ee728b)  -> (artifact id: '8b1af544cf2229d24e275e20e1974546') in 0.050564 seconds 
========================================================================
Received Import Request.
  Time since last request: 0.000017 seconds.
  path: Assets/Art/Models/Art/StoreFronts/StoreFront_RightSlant_Model.fbx
  artifactKey: Guid(03ecba6418121574ea08364423bd3617) Importer(815301076,1909f56bfc062723c751e8b465ee728b)
Start importing Assets/Art/Models/Art/StoreFronts/StoreFront_RightSlant_Model.fbx using Guid(03ecba6418121574ea08364423bd3617) Importer(815301076,1909f56bfc062723c751e8b465ee728b)  -> (artifact id: '7fb9674bc6fe34df5df8ff15e24d9251') in 0.022228 seconds 
========================================================================
Received Import Request.
  Time since last request: 0.000019 seconds.
  path: Assets/Art/Models/Art/BruteEnemy/BruteEnemy_Model.fbx
  artifactKey: Guid(9ba67877e3549e54abc17646346cd9cf) Importer(815301076,1909f56bfc062723c751e8b465ee728b)
Start importing Assets/Art/Models/Art/BruteEnemy/BruteEnemy_Model.fbx using Guid(9ba67877e3549e54abc17646346cd9cf) Importer(815301076,1909f56bfc062723c751e8b465ee728b)  -> (artifact id: 'b3b19a1b093c8128976d939ab2f42d0e') in 0.100558 seconds 
========================================================================
Received Import Request.
  Time since last request: 0.000022 seconds.
  path: Assets/Art/Models/Art/BasicEnemy/BasicEnemy_Model.fbx
  artifactKey: Guid(855793b4692b0f449960737720daefb0) Importer(815301076,1909f56bfc062723c751e8b465ee728b)
Start importing Assets/Art/Models/Art/BasicEnemy/BasicEnemy_Model.fbx using Guid(855793b4692b0f449960737720daefb0) Importer(815301076,1909f56bfc062723c751e8b465ee728b)  -> (artifact id: 'c5e381c110c8c38f9c9d70c85057c7b9') in 0.046802 seconds 
========================================================================
Received Import Request.
  Time since last request: 0.262589 seconds.
  path: Assets/Plugins/LeanTween/Examples/Models/Materials/SimpleAvatarAlphaBlue.mat
  artifactKey: Guid(39a7c2c726d36466a82bb11886f760e1) Importer(815301076,1909f56bfc062723c751e8b465ee728b)
Start importing Assets/Plugins/LeanTween/Examples/Models/Materials/SimpleAvatarAlphaBlue.mat using Guid(39a7c2c726d36466a82bb11886f760e1) Importer(815301076,1909f56bfc062723c751e8b465ee728b)  -> (artifact id: '15c82cf9097eeb90d3c843a9bdcc9c6e') in 0.019779 seconds 
========================================================================
Received Import Request.
  Time since last request: 0.000031 seconds.
  path: Assets/Plugins/LeanTween/Examples/Models/Materials/SimpleAvatarSpace.mat
  artifactKey: Guid(9682c3da6d5384d098160b19ba3e02c5) Importer(815301076,1909f56bfc062723c751e8b465ee728b)
Start importing Assets/Plugins/LeanTween/Examples/Models/Materials/SimpleAvatarSpace.mat using Guid(9682c3da6d5384d098160b19ba3e02c5) Importer(815301076,1909f56bfc062723c751e8b465ee728b)  -> (artifact id: '30fdd2411bf1cfd28c03e22ae5d1d414') in 0.037055 seconds 
========================================================================
Received Import Request.
  Time since last request: 86.850414 seconds.
  path: Assets/Art/New Material.mat
  artifactKey: Guid(29ac3ff8b462d704b8b2ccb4711c388c) Importer(815301076,1909f56bfc062723c751e8b465ee728b)
Start importing Assets/Art/New Material.mat using Guid(29ac3ff8b462d704b8b2ccb4711c388c) Importer(815301076,1909f56bfc062723c751e8b465ee728b)  -> (artifact id: '510c9f998f099203b7600e8dab27922d') in 0.012630 seconds 
========================================================================
Received Import Request.
  Time since last request: 254.299160 seconds.
  path: Assets/Art/Dream_TradingCard.png
  artifactKey: Guid(ee75a04a88b455e419578e32d49ffda6) Importer(815301076,1909f56bfc062723c751e8b465ee728b)
Start importing Assets/Art/Dream_TradingCard.png using Guid(ee75a04a88b455e419578e32d49ffda6) Importer(815301076,1909f56bfc062723c751e8b465ee728b)  -> (artifact id: '95d25d33e419d64cdce39ce1d7e0a3b5') in 0.029941 seconds 
========================================================================
Received Import Request.
  Time since last request: 65.002639 seconds.
  path: Assets/Art/black.png
  artifactKey: Guid(82a9b40fa6f263949a960dbe74dc5683) Importer(815301076,1909f56bfc062723c751e8b465ee728b)
Start importing Assets/Art/black.png using Guid(82a9b40fa6f263949a960dbe74dc5683) Importer(815301076,1909f56bfc062723c751e8b465ee728b)  -> (artifact id: '3f8d567c76705bdbc6246c9ca73c4394') in 0.010401 seconds 
========================================================================
Received Import Request.
  Time since last request: 573.031688 seconds.
  path: Assets/Art/New Material.mat
  artifactKey: Guid(29ac3ff8b462d704b8b2ccb4711c388c) Importer(815301076,1909f56bfc062723c751e8b465ee728b)
Start importing Assets/Art/New Material.mat using Guid(29ac3ff8b462d704b8b2ccb4711c388c) Importer(815301076,1909f56bfc062723c751e8b465ee728b)  -> (artifact id: '4cd158d6ef18699f725eed63f8bd35e8') in 0.311154 seconds 
